#
# A fatal error has been detected by the Java Runtime Environment:
#
#  EXCEPTION_ACCESS_VIOLATION (0xc0000005) at pc=0x0000000066f270c5, pid=16888, tid=0x0000000000005618
#
# JRE version: Java(TM) SE Runtime Environment (8.0_92-b14) (build 1.8.0_92-b14)
# Java VM: Java HotSpot(TM) 64-Bit Server VM (25.92-b14 mixed mode windows-amd64 compressed oops)
# Problematic frame:
# V  [jvm.dll+0x4670c5]
#
# Failed to write core dump. Minidumps are not enabled by default on client versions of Windows
#
# If you would like to submit a bug report, please visit:
#   http://bugreport.java.com/bugreport/crash.jsp
#

---------------  T H R E A D  ---------------

Current thread (0x000000001393f000):  JavaThread "C2 CompilerThread1" daemon [_thread_in_native, id=22040, stack(0x00000000150b0000,0x00000000151b0000)]

siginfo: ExceptionCode=0xc0000005, reading address 0x0000000014e552d8

Registers:
RAX=0x000000001706f680, RBX=0x00000000151aeb40, RCX=0x0000000000000001, RDX=0x0000000019f65830
RSP=0x00000000151ac360, RBP=0x00000000000f423f, RSI=0x0000000000000001, RDI=0x0000000019bfa340
R8 =0x000000000000041d, R9 =0x0000000000000000, R10=0x0000000000000002, R11=0x0000000000000010
R12=0x00000000151ac540, R13=0x0000000014e552c0, R14=0x0000000000000001, R15=0x0000000019f65840
RIP=0x0000000066f270c5, EFLAGS=0x0000000000010297

Top of Stack: (sp=0x00000000151ac360)
0x00000000151ac360:   00000000164bde38 0000000000000009
0x00000000151ac370:   0000000019f65c10 0000000015dc60d0
0x00000000151ac380:   00000000000005de 00000000151ac3a0
0x00000000151ac390:   0000000019f65830 000000000000041d
0x00000000151ac3a0:   0000000000000018 0000000000000068
0x00000000151ac3b0:   0000000000000000 0000000019f65840
0x00000000151ac3c0:   0000000000000002 000000000000041d
0x00000000151ac3d0:   0000000000000000 0000000000000000
0x00000000151ac3e0:   00000000000003d8 000000001a677428
0x00000000151ac3f0:   000000001a677050 0000000000000000
0x00000000151ac400:   00000000151ac790 000000001a677040
0x00000000151ac410:   00000000151ac520 0000000066f251a6
0x00000000151ac420:   00000000151ac540 00000000151ac8a0
0x00000000151ac430:   0000000000000001 00000000000f423f
0x00000000151ac440:   0000000000000002 000000001a677040
0x00000000151ac450:   000000001d52bfe0 000000001d52f2f0 

Instructions: (pc=0x0000000066f270c5)
0x0000000066f270a5:   d1 06 00 00 0f 1f 80 00 00 00 00 41 3b 77 08 73
0x0000000066f270b5:   0c 49 8b 47 10 8b ce 4c 8b 2c c8 eb 03 45 33 ed
0x0000000066f270c5:   41 8b 45 18 83 f8 01 0f 86 31 01 00 00 bd 08 00
0x0000000066f270d5:   00 00 44 8d 70 ff 0f 1f 44 00 00 49 8b 45 08 48 


Register to memory mapping:

RAX=0x000000001706f680 is an unknown value
RBX=0x00000000151aeb40 is pointing into the stack for thread: 0x000000001393f000
RCX=0x0000000000000001 is an unknown value
RDX=0x0000000019f65830 is an unknown value
RSP=0x00000000151ac360 is pointing into the stack for thread: 0x000000001393f000
RBP=0x00000000000f423f is an unknown value
RSI=0x0000000000000001 is an unknown value
RDI=0x0000000019bfa340 is an unknown value
R8 =0x000000000000041d is an unknown value
R9 =0x0000000000000000 is an unknown value
R10=0x0000000000000002 is an unknown value
R11=0x0000000000000010 is an unknown value
R12=0x00000000151ac540 is pointing into the stack for thread: 0x000000001393f000
R13=0x0000000014e552c0 is pointing into the stack for thread: 0x000000001394d000
R14=0x0000000000000001 is an unknown value
R15=0x0000000019f65840 is an unknown value


Stack: [0x00000000150b0000,0x00000000151b0000],  sp=0x00000000151ac360,  free space=1008k
Native frames: (J=compiled Java code, j=interpreted, Vv=VM code, C=native code)
V  [jvm.dll+0x4670c5]
V  [jvm.dll+0x4651a6]
V  [jvm.dll+0x47042b]
V  [jvm.dll+0x472c28]
V  [jvm.dll+0x455b42]
V  [jvm.dll+0xa50a2]
V  [jvm.dll+0xa59df]
V  [jvm.dll+0x244314]
V  [jvm.dll+0x29b34a]
C  [msvcr100.dll+0x21d9f]
C  [msvcr100.dll+0x21e3b]
C  [KERNEL32.DLL+0x17bd4]
C  [ntdll.dll+0x6ce51]


Current CompileTask:
C2: 213276 2772       4       org.objectweb.asm.Frame::execute (2318 bytes)


---------------  P R O C E S S  ---------------

Java Threads: ( => current thread )
  0x0000000016a25000 JavaThread "Cache worker for execution history cache (C:\Users\mithi\.gradle\caches\6.2\executionHistory)" [_thread_blocked, id=23404, stack(0x000000001b5a0000,0x000000001b6a0000)]
  0x0000000016a24800 JavaThread "Cache worker for cache directory md-rule (C:\Users\mithi\.gradle\caches\6.2\md-rule)" [_thread_blocked, id=10312, stack(0x000000001b4a0000,0x000000001b5a0000)]
  0x0000000016a28000 JavaThread "Cache worker for cache directory md-supplier (C:\Users\mithi\.gradle\caches\6.2\md-supplier)" [_thread_blocked, id=16576, stack(0x000000001b1a0000,0x000000001b2a0000)]
  0x0000000016a26000 JavaThread "Cache worker for file hash cache (F:\react-native\GitoProject\android\.gradle\6.2\fileHashes)" [_thread_blocked, id=11612, stack(0x000000001aea0000,0x000000001afa0000)]
  0x0000000016a2b000 JavaThread "Cache worker for checksums cache (F:\react-native\GitoProject\android\.gradle\checksums)" [_thread_blocked, id=20828, stack(0x000000001ada0000,0x000000001aea0000)]
  0x0000000016a29000 JavaThread "Cache worker for file hash cache (C:\Users\mithi\.gradle\caches\6.2\fileHashes)" [_thread_blocked, id=8008, stack(0x0000000018a00000,0x0000000018b00000)]
  0x0000000016a29800 JavaThread "File lock request listener" [_thread_in_native, id=11100, stack(0x0000000018600000,0x0000000018700000)]
  0x0000000016a27800 JavaThread "Cache worker for journal cache (C:\Users\mithi\.gradle\caches\journal-1)" [_thread_blocked, id=17984, stack(0x0000000018500000,0x0000000018600000)]
  0x0000000016612000 JavaThread "Thread-9" [_thread_blocked, id=10920, stack(0x0000000018200000,0x0000000018300000)]
  0x0000000015431800 JavaThread "Stdin handler" [_thread_blocked, id=14176, stack(0x0000000017f00000,0x0000000018000000)]
  0x0000000015430800 JavaThread "Asynchronous log dispatcher for DefaultDaemonConnection: socket connection from /127.0.0.1:56725 to /127.0.0.1:56726" [_thread_blocked, id=20440, stack(0x0000000017e00000,0x0000000017f00000)]
  0x00000000153e9000 JavaThread "Daemon worker" [_thread_blocked, id=10636, stack(0x0000000017d00000,0x0000000017e00000)]
  0x00000000169dd800 JavaThread "Cancel handler" [_thread_blocked, id=18812, stack(0x0000000017c00000,0x0000000017d00000)]
  0x00000000153e8000 JavaThread "Handler for socket connection from /127.0.0.1:56725 to /127.0.0.1:56726" [_thread_in_native, id=21492, stack(0x0000000017b00000,0x0000000017c00000)]
  0x0000000016527000 JavaThread "Daemon" [_thread_blocked, id=20764, stack(0x0000000017a00000,0x0000000017b00000)]
  0x0000000016989800 JavaThread "Daemon periodic checks" [_thread_blocked, id=9596, stack(0x0000000017900000,0x0000000017a00000)]
  0x0000000016725800 JavaThread "Incoming local TCP Connector on port 56725" [_thread_in_native, id=3136, stack(0x00000000176c0000,0x00000000177c0000)]
  0x0000000015ebe000 JavaThread "Daemon health stats" [_thread_blocked, id=20904, stack(0x0000000017080000,0x0000000017180000)]
  0x00000000152d8800 JavaThread "Service Thread" daemon [_thread_blocked, id=24524, stack(0x00000000156b0000,0x00000000157b0000)]
  0x0000000013946800 JavaThread "C1 CompilerThread2" daemon [_thread_blocked, id=5708, stack(0x00000000151b0000,0x00000000152b0000)]
=>0x000000001393f000 JavaThread "C2 CompilerThread1" daemon [_thread_in_native, id=22040, stack(0x00000000150b0000,0x00000000151b0000)]
  0x000000001393c800 JavaThread "C2 CompilerThread0" daemon [_thread_blocked, id=22984, stack(0x0000000014fb0000,0x00000000150b0000)]
  0x000000001394e800 JavaThread "Attach Listener" daemon [_thread_blocked, id=10120, stack(0x0000000014eb0000,0x0000000014fb0000)]
  0x000000001394d000 JavaThread "Signal Dispatcher" daemon [_thread_blocked, id=13112, stack(0x0000000014db0000,0x0000000014eb0000)]
  0x000000001392a800 JavaThread "Finalizer" daemon [_thread_blocked, id=16268, stack(0x0000000014ba0000,0x0000000014ca0000)]
  0x00000000025c2000 JavaThread "Reference Handler" daemon [_thread_blocked, id=24016, stack(0x0000000014aa0000,0x0000000014ba0000)]
  0x00000000005ee800 JavaThread "main" [_thread_blocked, id=14948, stack(0x00000000023b0000,0x00000000024b0000)]

Other Threads:
  0x0000000013908000 VMThread [stack: 0x00000000149a0000,0x0000000014aa0000] [id=24360]
  0x0000000015302800 WatcherThread [stack: 0x00000000157b0000,0x00000000158b0000] [id=21868]

VM state:not at safepoint (normal execution)

VM Mutex/Monitor currently owned by a thread: None

Heap:
 PSYoungGen      total 73728K, used 52865K [0x00000000f5580000, 0x00000000faa80000, 0x0000000100000000)
  eden space 62464K, 68% used [0x00000000f5580000,0x00000000f7f3fad0,0x00000000f9280000)
  from space 11264K, 89% used [0x00000000f9f80000,0x00000000fa960ca0,0x00000000faa80000)
  to   space 12288K, 0% used [0x00000000f9280000,0x00000000f9280000,0x00000000f9e80000)
 ParOldGen       total 175104K, used 7203K [0x00000000e0000000, 0x00000000eab00000, 0x00000000f5580000)
  object space 175104K, 4% used [0x00000000e0000000,0x00000000e0708f70,0x00000000eab00000)
 Metaspace       used 34260K, capacity 35302K, committed 35456K, reserved 1079296K
  class space    used 4835K, capacity 5132K, committed 5248K, reserved 1048576K

Card table byte_map: [0x0000000011990000,0x0000000011aa0000] byte_map_base: 0x0000000011290000

Marking Bits: (ParMarkBitMap*) 0x00000000672d64f0
 Begin Bits: [0x0000000011ea0000, 0x00000000126a0000)
 End Bits:   [0x00000000126a0000, 0x0000000012ea0000)

Polling page: 0x0000000000b20000

CodeCache: size=245760Kb used=10240Kb max_used=10254Kb free=235519Kb
 bounds [0x00000000025d0000, 0x0000000002fe0000, 0x00000000115d0000]
 total_blobs=3319 nmethods=2611 adapters=620
 compilation: enabled

Compilation events (10 events):
Event: 210.476 Thread 0x0000000013946800 2784       3       java.lang.Enum::<init> (15 bytes)
Event: 210.476 Thread 0x0000000013946800 nmethod 2784 0x000000000280cc50 code [0x000000000280cda0, 0x000000000280cf70]
Event: 210.476 Thread 0x0000000013946800 2785       3       java.lang.invoke.MethodHandles$Lookup::getDirectMethodCommon (271 bytes)
Event: 210.479 Thread 0x0000000013946800 nmethod 2785 0x000000000280f090 code [0x000000000280f3a0, 0x0000000002810e18]
Event: 210.479 Thread 0x0000000013946800 2786       3       java.lang.invoke.MethodHandles$Lookup::checkMethod (83 bytes)
Event: 210.480 Thread 0x0000000013946800 nmethod 2786 0x0000000002f69c10 code [0x0000000002f69de0, 0x0000000002f6a818]
Event: 210.519 Thread 0x0000000013946800 2788       1       org.gradle.internal.instantiation.generator.AbstractClassGenerator$GeneratedClassImpl::getOuterType (5 bytes)
Event: 210.519 Thread 0x0000000013946800 nmethod 2788 0x0000000002adf510 code [0x0000000002adf660, 0x0000000002adf770]
Event: 210.521 Thread 0x0000000013946800 2789       3       com.google.common.collect.RegularImmutableMap$EntrySet$1::size (8 bytes)
Event: 210.521 Thread 0x0000000013946800 nmethod 2789 0x000000000280ed10 code [0x000000000280ee60, 0x000000000280efd0]

GC Heap History (10 events):
Event: 129.309 GC heap before
{Heap before GC invocations=3 (full 0):
 PSYoungGen      total 76288K, used 75067K [0x00000000f5580000, 0x00000000faa80000, 0x0000000100000000)
  eden space 65536K, 100% used [0x00000000f5580000,0x00000000f9580000,0x00000000f9580000)
  from space 10752K, 88% used [0x00000000fa000000,0x00000000fa94ef08,0x00000000faa80000)
  to   space 10752K, 0% used [0x00000000f9580000,0x00000000f9580000,0x00000000fa000000)
 ParOldGen       total 175104K, used 24K [0x00000000e0000000, 0x00000000eab00000, 0x00000000f5580000)
  object space 175104K, 0% used [0x00000000e0000000,0x00000000e0006000,0x00000000eab00000)
 Metaspace       used 20059K, capacity 20590K, committed 20736K, reserved 1067008K
  class space    used 2887K, capacity 3051K, committed 3072K, reserved 1048576K
Event: 129.321 GC heap after
Heap after GC invocations=3 (full 0):
 PSYoungGen      total 76288K, used 10722K [0x00000000f5580000, 0x00000000faa80000, 0x0000000100000000)
  eden space 65536K, 0% used [0x00000000f5580000,0x00000000f5580000,0x00000000f9580000)
  from space 10752K, 99% used [0x00000000f9580000,0x00000000f9ff8bf8,0x00000000fa000000)
  to   space 10752K, 0% used [0x00000000fa000000,0x00000000fa000000,0x00000000faa80000)
 ParOldGen       total 175104K, used 415K [0x00000000e0000000, 0x00000000eab00000, 0x00000000f5580000)
  object space 175104K, 0% used [0x00000000e0000000,0x00000000e0067c40,0x00000000eab00000)
 Metaspace       used 20059K, capacity 20590K, committed 20736K, reserved 1067008K
  class space    used 2887K, capacity 3051K, committed 3072K, reserved 1048576K
}
Event: 132.538 GC heap before
{Heap before GC invocations=4 (full 0):
 PSYoungGen      total 76288K, used 25054K [0x00000000f5580000, 0x00000000faa80000, 0x0000000100000000)
  eden space 65536K, 21% used [0x00000000f5580000,0x00000000f637ede0,0x00000000f9580000)
  from space 10752K, 99% used [0x00000000f9580000,0x00000000f9ff8bf8,0x00000000fa000000)
  to   space 10752K, 0% used [0x00000000fa000000,0x00000000fa000000,0x00000000faa80000)
 ParOldGen       total 175104K, used 415K [0x00000000e0000000, 0x00000000eab00000, 0x00000000f5580000)
  object space 175104K, 0% used [0x00000000e0000000,0x00000000e0067c40,0x00000000eab00000)
 Metaspace       used 20717K, capacity 21290K, committed 21296K, reserved 1067008K
  class space    used 2998K, capacity 3195K, committed 3200K, reserved 1048576K
Event: 132.583 GC heap after
Heap after GC invocations=4 (full 0):
 PSYoungGen      total 76288K, used 7353K [0x00000000f5580000, 0x00000000faa80000, 0x0000000100000000)
  eden space 65536K, 0% used [0x00000000f5580000,0x00000000f5580000,0x00000000f9580000)
  from space 10752K, 68% used [0x00000000fa000000,0x00000000fa72e740,0x00000000faa80000)
  to   space 10752K, 0% used [0x00000000f9580000,0x00000000f9580000,0x00000000fa000000)
 ParOldGen       total 175104K, used 423K [0x00000000e0000000, 0x00000000eab00000, 0x00000000f5580000)
  object space 175104K, 0% used [0x00000000e0000000,0x00000000e0069c40,0x00000000eab00000)
 Metaspace       used 20717K, capacity 21290K, committed 21296K, reserved 1067008K
  class space    used 2998K, capacity 3195K, committed 3200K, reserved 1048576K
}
Event: 132.583 GC heap before
{Heap before GC invocations=5 (full 1):
 PSYoungGen      total 76288K, used 7353K [0x00000000f5580000, 0x00000000faa80000, 0x0000000100000000)
  eden space 65536K, 0% used [0x00000000f5580000,0x00000000f5580000,0x00000000f9580000)
  from space 10752K, 68% used [0x00000000fa000000,0x00000000fa72e740,0x00000000faa80000)
  to   space 10752K, 0% used [0x00000000f9580000,0x00000000f9580000,0x00000000fa000000)
 ParOldGen       total 175104K, used 423K [0x00000000e0000000, 0x00000000eab00000, 0x00000000f5580000)
  object space 175104K, 0% used [0x00000000e0000000,0x00000000e0069c40,0x00000000eab00000)
 Metaspace       used 20717K, capacity 21290K, committed 21296K, reserved 1067008K
  class space    used 2998K, capacity 3195K, committed 3200K, reserved 1048576K
Event: 132.738 GC heap after
Heap after GC invocations=5 (full 1):
 PSYoungGen      total 76288K, used 0K [0x00000000f5580000, 0x00000000faa80000, 0x0000000100000000)
  eden space 65536K, 0% used [0x00000000f5580000,0x00000000f5580000,0x00000000f9580000)
  from space 10752K, 0% used [0x00000000fa000000,0x00000000fa000000,0x00000000faa80000)
  to   space 10752K, 0% used [0x00000000f9580000,0x00000000f9580000,0x00000000fa000000)
 ParOldGen       total 175104K, used 7187K [0x00000000e0000000, 0x00000000eab00000, 0x00000000f5580000)
  object space 175104K, 4% used [0x00000000e0000000,0x00000000e0704f70,0x00000000eab00000)
 Metaspace       used 20717K, capacity 21290K, committed 21296K, reserved 1067008K
  class space    used 2998K, capacity 3195K, committed 3200K, reserved 1048576K
}
Event: 191.413 GC heap before
{Heap before GC invocations=6 (full 1):
 PSYoungGen      total 76288K, used 65536K [0x00000000f5580000, 0x00000000faa80000, 0x0000000100000000)
  eden space 65536K, 100% used [0x00000000f5580000,0x00000000f9580000,0x00000000f9580000)
  from space 10752K, 0% used [0x00000000fa000000,0x00000000fa000000,0x00000000faa80000)
  to   space 10752K, 0% used [0x00000000f9580000,0x00000000f9580000,0x00000000fa000000)
 ParOldGen       total 175104K, used 7187K [0x00000000e0000000, 0x00000000eab00000, 0x00000000f5580000)
  object space 175104K, 4% used [0x00000000e0000000,0x00000000e0704f70,0x00000000eab00000)
 Metaspace       used 29202K, capacity 29852K, committed 30080K, reserved 1075200K
  class space    used 4011K, capacity 4199K, committed 4224K, reserved 1048576K
Event: 191.434 GC heap after
Heap after GC invocations=6 (full 1):
 PSYoungGen      total 72704K, used 8450K [0x00000000f5580000, 0x00000000fab00000, 0x0000000100000000)
  eden space 64000K, 0% used [0x00000000f5580000,0x00000000f5580000,0x00000000f9400000)
  from space 8704K, 97% used [0x00000000f9580000,0x00000000f9dc0af0,0x00000000f9e00000)
  to   space 11776K, 0% used [0x00000000f9f80000,0x00000000f9f80000,0x00000000fab00000)
 ParOldGen       total 175104K, used 7195K [0x00000000e0000000, 0x00000000eab00000, 0x00000000f5580000)
  object space 175104K, 4% used [0x00000000e0000000,0x00000000e0706f70,0x00000000eab00000)
 Metaspace       used 29202K, capacity 29852K, committed 30080K, reserved 1075200K
  class space    used 4011K, capacity 4199K, committed 4224K, reserved 1048576K
}
Event: 210.010 GC heap before
{Heap before GC invocations=7 (full 1):
 PSYoungGen      total 72704K, used 72450K [0x00000000f5580000, 0x00000000fab00000, 0x0000000100000000)
  eden space 64000K, 100% used [0x00000000f5580000,0x00000000f9400000,0x00000000f9400000)
  from space 8704K, 97% used [0x00000000f9580000,0x00000000f9dc0af0,0x00000000f9e00000)
  to   space 11776K, 0% used [0x00000000f9f80000,0x00000000f9f80000,0x00000000fab00000)
 ParOldGen       total 175104K, used 7195K [0x00000000e0000000, 0x00000000eab00000, 0x00000000f5580000)
  object space 175104K, 4% used [0x00000000e0000000,0x00000000e0706f70,0x00000000eab00000)
 Metaspace       used 32133K, capacity 32988K, committed 33280K, reserved 1077248K
  class space    used 4511K, capacity 4783K, committed 4864K, reserved 1048576K
Event: 210.061 GC heap after
Heap after GC invocations=7 (full 1):
 PSYoungGen      total 73728K, used 10115K [0x00000000f5580000, 0x00000000faa80000, 0x0000000100000000)
  eden space 62464K, 0% used [0x00000000f5580000,0x00000000f5580000,0x00000000f9280000)
  from space 11264K, 89% used [0x00000000f9f80000,0x00000000fa960ca0,0x00000000faa80000)
  to   space 12288K, 0% used [0x00000000f9280000,0x00000000f9280000,0x00000000f9e80000)
 ParOldGen       total 175104K, used 7203K [0x00000000e0000000, 0x00000000eab00000, 0x00000000f5580000)
  object space 175104K, 4% used [0x00000000e0000000,0x00000000e0708f70,0x00000000eab00000)
 Metaspace       used 32133K, capacity 32988K, committed 33280K, reserved 1077248K
  class space    used 4511K, capacity 4783K, committed 4864K, reserved 1048576K
}

Deoptimization events (10 events):
Event: 191.270 Thread 0x00000000153e9000 Uncommon trap: reason=class_check action=maybe_recompile pc=0x00000000028028b8 method=sun.misc.URLClassPath.getLoader(I)Lsun/misc/URLClassPath$Loader; @ 193
Event: 191.436 Thread 0x00000000025c2000 Uncommon trap: reason=unstable_if action=reinterpret pc=0x00000000027d0774 method=java.lang.ref.Reference.tryHandlePending(Z)Z @ 104
Event: 192.200 Thread 0x00000000153e9000 Uncommon trap: reason=unstable_if action=reinterpret pc=0x0000000002e07ffc method=org.codehaus.groovy.runtime.metaclass.MetaMethodIndex.addMethodToList(Ljava/lang/Object;Lgroovy/lang/MetaMethod;)Ljava/lang/Object; @ 226
Event: 204.018 Thread 0x00000000153e9000 Uncommon trap: reason=unstable_if action=reinterpret pc=0x0000000002b8f804 method=java.util.HashMap.getNode(ILjava/lang/Object;)Ljava/util/HashMap$Node; @ 53
Event: 204.018 Thread 0x00000000153e9000 Uncommon trap: reason=unstable_if action=reinterpret pc=0x0000000002e34290 method=java.util.HashMap.putVal(ILjava/lang/Object;Ljava/lang/Object;ZZ)Ljava/lang/Object; @ 85
Event: 204.360 Thread 0x00000000153e9000 Uncommon trap: reason=unstable_if action=reinterpret pc=0x0000000002a203f8 method=java.util.HashMap.putVal(ILjava/lang/Object;Ljava/lang/Object;ZZ)Ljava/lang/Object; @ 85
Event: 205.109 Thread 0x00000000153e9000 Uncommon trap: reason=unstable_if action=reinterpret pc=0x0000000002e89524 method=org.gradle.internal.reflect.PropertyAccessorType.isGetGetterName(Ljava/lang/String;)Z @ 14
Event: 205.487 Thread 0x00000000153e9000 Uncommon trap: reason=unstable_if action=reinterpret pc=0x0000000002bcaf88 method=org.objectweb.asm.ByteVector.putShort(I)Lorg/objectweb/asm/ByteVector; @ 13
Event: 208.632 Thread 0x00000000153e9000 Uncommon trap: reason=unstable_if action=reinterpret pc=0x0000000002ac2b7c method=jdk.internal.org.objectweb.asm.Type.getArgumentsAndReturnSizes(Ljava/lang/String;)I @ 88
Event: 210.298 Thread 0x00000000153e9000 Uncommon trap: reason=range_check action=make_not_entrant pc=0x0000000002f700ec method=java.lang.String.charAt(I)C @ 27

Internal exceptions (10 events):
Event: 209.524 Thread 0x00000000153e9000 Exception <a 'java/lang/ClassNotFoundException': org/gradle/api/internal/artifacts/DefaultArtifactRepositoryContainerBeanInfo> (0x00000000f8d91df0) thrown at [D:\re\workspace\8-2-build-windows-amd64-cygwin\jdk8u92\6642\hotspot\src\share\vm\classfile\system
Event: 209.525 Thread 0x00000000153e9000 Exception <a 'java/lang/ClassNotFoundException': org/gradle/api/internal/DefaultNamedDomainObjectListBeanInfo> (0x00000000f8dc7098) thrown at [D:\re\workspace\8-2-build-windows-amd64-cygwin\jdk8u92\6642\hotspot\src\share\vm\classfile\systemDictionary.cpp, §Y4¯÷0j@
Event: 209.526 Thread 0x00000000153e9000 Exception <a 'java/lang/ClassNotFoundException': org/gradle/api/internal/DefaultNamedDomainObjectCollectionBeanInfo> (0x00000000f8dfe608) thrown at [D:\re\workspace\8-2-build-windows-amd64-cygwin\jdk8u92\6642\hotspot\src\share\vm\classfile\systemDictionaryÃfi‡0j@
Event: 209.527 Thread 0x00000000153e9000 Exception <a 'java/lang/ClassNotFoundException': org/gradle/api/internal/DefaultDomainObjectCollectionBeanInfo> (0x00000000f8e34590) thrown at [D:\re\workspace\8-2-build-windows-amd64-cygwin\jdk8u92\6642\hotspot\src\share\vm\classfile\systemDictionary.cpp,'ì	ÆË0j@
Event: 209.528 Thread 0x00000000153e9000 Exception <a 'java/lang/ClassNotFoundException': org/gradle/api/internal/DefaultDomainObjectCollectionCustomizer> (0x00000000f8e6b068) thrown at [D:\re\workspace\8-2-build-windows-amd64-cygwin\jdk8u92\6642\hotspot\src\share\vm\classfile\systemDictionary.cpºW≠1j@
Event: 209.533 Thread 0x00000000153e9000 Exception <a 'java/lang/ClassNotFoundException': org/gradle/api/internal/DefaultNamedDomainObjectCollectionCustomizer> (0x00000000f8ecb108) thrown at [D:\re\workspace\8-2-build-windows-amd64-cygwin\jdk8u92\6642\hotspot\src\share\vm\classfile\systemDictiona€	@ÌA1j@
Event: 209.539 Thread 0x00000000153e9000 Exception <a 'java/lang/ClassNotFoundException': org/gradle/api/internal/DefaultNamedDomainObjectListCustomizer> (0x00000000f8f41680) thrown at [D:\re\workspace\8-2-build-windows-amd64-cygwin\jdk8u92\6642\hotspot\src\share\vm\classfile\systemDictionary.cppO‚X1j@
Event: 209.542 Thread 0x00000000153e9000 Exception <a 'java/lang/ClassNotFoundException': org/gradle/api/internal/artifacts/DefaultArtifactRepositoryContainerCustomizer> (0x00000000f8fb8798) thrown at [D:\re\workspace\8-2-build-windows-amd64-cygwin\jdk8u92\6642\hotspot\src\share\vm\classfile\syst1··á1j@
Event: 209.548 Thread 0x00000000153e9000 Exception <a 'java/lang/ClassNotFoundException': org/gradle/api/internal/artifacts/dsl/DefaultRepositoryHandlerCustomizer> (0x00000000f9020750) thrown at [D:\re\workspace\8-2-build-windows-amd64-cygwin\jdk8u92\6642\hotspot\src\share\vm\classfile\systemDict7‚…n¶1j@
Event: 209.552 Thread 0x00000000153e9000 Exception <a 'java/lang/ClassNotFoundException': org/gradle/api/internal/artifacts/dsl/DefaultRepositoryHandler_DecoratedCustomizer> (0x00000000f90a72a0) thrown at [D:\re\workspace\8-2-build-windows-amd64-cygwin\jdk8u92\6642\hotspot\src\share\vm\classfile\i_/ƒ0j@

Events (10 events):
Event: 210.524 loading class org/gradle/api/internal/artifacts/DefaultProjectDependencyFactory
Event: 210.524 loading class org/gradle/api/internal/artifacts/DefaultProjectDependencyFactory done
Event: 210.525 loading class org/gradle/api/artifacts/ProjectDependency
Event: 210.525 loading class org/gradle/api/artifacts/ProjectDependency done
Event: 210.526 loading class org/gradle/api/artifacts/ModuleDependency
Event: 210.526 loading class org/gradle/api/artifacts/ModuleDependency done
Event: 210.526 loading class org/gradle/api/artifacts/SelfResolvingDependency
Event: 210.526 loading class org/gradle/api/artifacts/SelfResolvingDependency done
Event: 210.527 loading class org/gradle/api/internal/notations/ProjectDependencyFactory
Event: 210.527 loading class org/gradle/api/internal/notations/ProjectDependencyFactory done


Dynamic libraries:
0x00007ff6f4320000 - 0x00007ff6f4357000 	C:\Program Files\Java\jdk1.8.0_92\bin\java.exe
0x00007ffaa6ce0000 - 0x00007ffaa6ed0000 	C:\WINDOWS\SYSTEM32\ntdll.dll
0x00007ffa82140000 - 0x00007ffa82153000 	C:\Program Files\AVAST Software\Avast\aswhook.dll
0x00007ffaa5940000 - 0x00007ffaa59f2000 	C:\WINDOWS\System32\KERNEL32.DLL
0x00007ffaa4050000 - 0x00007ffaa42f4000 	C:\WINDOWS\System32\KERNELBASE.dll
0x00007ffaa56d0000 - 0x00007ffaa5773000 	C:\WINDOWS\System32\ADVAPI32.dll
0x00007ffaa6b60000 - 0x00007ffaa6bfe000 	C:\WINDOWS\System32\msvcrt.dll
0x00007ffaa6c00000 - 0x00007ffaa6c97000 	C:\WINDOWS\System32\sechost.dll
0x00007ffaa5c80000 - 0x00007ffaa5da0000 	C:\WINDOWS\System32\RPCRT4.dll
0x00007ffaa5fe0000 - 0x00007ffaa6174000 	C:\WINDOWS\System32\USER32.dll
0x00007ffaa3ed0000 - 0x00007ffaa3ef1000 	C:\WINDOWS\System32\win32u.dll
0x00007ffaa4d90000 - 0x00007ffaa4db6000 	C:\WINDOWS\System32\GDI32.dll
0x00007ffaa4400000 - 0x00007ffaa4596000 	C:\WINDOWS\System32\gdi32full.dll
0x00007ffaa3c60000 - 0x00007ffaa3cfe000 	C:\WINDOWS\System32\msvcp_win.dll
0x00007ffaa3d50000 - 0x00007ffaa3e4a000 	C:\WINDOWS\System32\ucrtbase.dll
0x00007ffa99ef0000 - 0x00007ffa9a174000 	C:\WINDOWS\WinSxS\amd64_microsoft.windows.common-controls_6595b64144ccf1df_6.0.18362.959_none_e6c7bbbf130c62bb\COMCTL32.dll
0x00007ffaa6820000 - 0x00007ffaa6b55000 	C:\WINDOWS\System32\combase.dll
0x00007ffaa3e50000 - 0x00007ffaa3ed0000 	C:\WINDOWS\System32\bcryptPrimitives.dll
0x00007ffaa6230000 - 0x00007ffaa625e000 	C:\WINDOWS\System32\IMM32.DLL
0x0000000067670000 - 0x0000000067742000 	C:\Program Files\Java\jdk1.8.0_92\jre\bin\msvcr100.dll
0x0000000066ac0000 - 0x0000000067356000 	C:\Program Files\Java\jdk1.8.0_92\jre\bin\server\jvm.dll
0x00007ffaa5bc0000 - 0x00007ffaa5bc8000 	C:\WINDOWS\System32\PSAPI.DLL
0x00007ffaa2780000 - 0x00007ffaa2789000 	C:\WINDOWS\SYSTEM32\WSOCK32.dll
0x00007ffaa5f70000 - 0x00007ffaa5fdf000 	C:\WINDOWS\System32\WS2_32.dll
0x00007ffa9bd30000 - 0x00007ffa9bd54000 	C:\WINDOWS\SYSTEM32\WINMM.dll
0x00007ffa9fbb0000 - 0x00007ffa9fbba000 	C:\WINDOWS\SYSTEM32\VERSION.dll
0x00007ffa9bd00000 - 0x00007ffa9bd2d000 	C:\WINDOWS\SYSTEM32\WINMMBASE.dll
0x00007ffaa3d00000 - 0x00007ffaa3d4a000 	C:\WINDOWS\System32\cfgmgr32.dll
0x0000000068520000 - 0x000000006852f000 	C:\Program Files\Java\jdk1.8.0_92\jre\bin\verify.dll
0x00000000684f0000 - 0x0000000068519000 	C:\Program Files\Java\jdk1.8.0_92\jre\bin\java.dll
0x00000000684d0000 - 0x00000000684e6000 	C:\Program Files\Java\jdk1.8.0_92\jre\bin\zip.dll
0x00007ffaa4f70000 - 0x00007ffaa5656000 	C:\WINDOWS\System32\SHELL32.dll
0x00007ffaa5bd0000 - 0x00007ffaa5c79000 	C:\WINDOWS\System32\shcore.dll
0x00007ffaa45a0000 - 0x00007ffaa4d22000 	C:\WINDOWS\System32\windows.storage.dll
0x00007ffaa3c10000 - 0x00007ffaa3c33000 	C:\WINDOWS\System32\profapi.dll
0x00007ffaa3ba0000 - 0x00007ffaa3bea000 	C:\WINDOWS\System32\powrprof.dll
0x00007ffaa3b90000 - 0x00007ffaa3ba0000 	C:\WINDOWS\System32\UMPDC.dll
0x00007ffaa5670000 - 0x00007ffaa56c2000 	C:\WINDOWS\System32\shlwapi.dll
0x00007ffaa3bf0000 - 0x00007ffaa3c01000 	C:\WINDOWS\System32\kernel.appcore.dll
0x00007ffaa4300000 - 0x00007ffaa4317000 	C:\WINDOWS\System32\cryptsp.dll
0x00000000684b0000 - 0x00000000684ca000 	C:\Program Files\Java\jdk1.8.0_92\jre\bin\net.dll
0x00007ffaa33a0000 - 0x00007ffaa3407000 	C:\WINDOWS\system32\mswsock.dll
0x0000000068490000 - 0x00000000684a1000 	C:\Program Files\Java\jdk1.8.0_92\jre\bin\nio.dll
0x00007ffa83df0000 - 0x00007ffa83e1a000 	C:\Users\mithi\.gradle\native\36\windows-amd64\native-platform.dll
0x0000000067bb0000 - 0x0000000067bbd000 	C:\Program Files\Java\jdk1.8.0_92\jre\bin\management.dll
0x00007ffaa2f10000 - 0x00007ffaa2f43000 	C:\WINDOWS\system32\rsaenh.dll
0x00007ffaa4320000 - 0x00007ffaa4346000 	C:\WINDOWS\System32\bcrypt.dll
0x00007ffaa3ab0000 - 0x00007ffaa3ad5000 	C:\WINDOWS\SYSTEM32\USERENV.dll
0x00007ffaa3570000 - 0x00007ffaa357c000 	C:\WINDOWS\SYSTEM32\CRYPTBASE.dll
0x00007ffaa30b0000 - 0x00007ffaa30ea000 	C:\WINDOWS\SYSTEM32\IPHLPAPI.DLL
0x00007ffaa5f60000 - 0x00007ffaa5f68000 	C:\WINDOWS\System32\NSI.dll
0x00007ffa99320000 - 0x00007ffa99336000 	C:\WINDOWS\SYSTEM32\dhcpcsvc6.DLL
0x00007ffa99220000 - 0x00007ffa9923c000 	C:\WINDOWS\SYSTEM32\dhcpcsvc.DLL
0x00007ffaa3140000 - 0x00007ffaa320b000 	C:\WINDOWS\SYSTEM32\DNSAPI.dll
0x00007ffaa22b0000 - 0x00007ffaa24a4000 	C:\WINDOWS\SYSTEM32\dbghelp.dll

VM Arguments:
jvm_args: -XX:MaxMetaspaceSize=256m -XX:+HeapDumpOnOutOfMemoryError -Xms256m -Xmx512m -Dfile.encoding=windows-1252 -Duser.country=IN -Duser.language=en -Duser.variant 
java_command: org.gradle.launcher.daemon.bootstrap.GradleDaemon 6.2
java_class_path (initial): C:\Users\mithi\.gradle\wrapper\dists\gradle-6.2-all\dvufqs6kielxeao781pmk5huj\gradle-6.2\lib\gradle-launcher-6.2.jar
Launcher Type: SUN_STANDARD

Environment Variables:
JAVA_HOME=C:\Program Files\Java\jdk1.8.0_92
CLASSPATH=F:\react-native\GitoProject\android\\gradle\wrapper\gradle-wrapper.jar
PATH=F:\react-native\GitoProject\android\node_modules\.bin;F:\react-native\GitoProject\node_modules\.bin;F:\react-native\node_modules\.bin;F:\node_modules\.bin;C:\Program Files (x86)\nodejs;F:\react-native\GitoProject\node_modules\.bin;C:\ProgramData\Oracle\Java\javapath;C:\Program Files (x86)\Intel\iCLS Client\;C:\Program Files\Intel\iCLS Client\;C:\WINDOWS\system32;C:\WINDOWS;C:\WINDOWS\System32\Wbem;C:\WINDOWS\System32\WindowsPowerShell\v1.0\;C:\Program Files (x86)\Intel\Intel(R) Management Engine Components\DAL;C:\Program Files\Intel\Intel(R) Management Engine Components\DAL;C:\Program Files (x86)\Intel\Intel(R) Management Engine Components\IPT;C:\Program Files\Intel\Intel(R) Management Engine Components\IPT;C:\Program Files (x86)\Skype\Phone\;C:\Program Files\Microsoft SQL Server\130\Tools\Binn\;C:\Program Files\Git\cmd;C:\Program Files (x86)\Microsoft SQL Server\100\Tools\Binn\;C:\Program Files\Microsoft SQL Server\100\Tools\Binn\;C:\Program Files\Microsoft SQL Server\100\DTS\Binn\;C:\Program Files\Microsoft SQL Server\110\Tools\Binn\;C:\Program Files (x86)\Microsoft SDKs\TypeScript\1.0\;C:\Program Files\Microsoft SQL Server\120\Tools\Binn\;C:\Program Files\dotnet\;C:\WINDOWS\System32\OpenSSH\;C:\Program Files\Intel\WiFi\bin\;C:\Program Files\Common Files\Intel\WirelessCommon\;C:\Program Files (x86)\nodejs\;C:\Program Files (x86)\Yarn\bin\;C:\Users\mithi\AppData\Local\Android\sdk\platform-tools\adb.exe;C:\Users\mithi\AppData\Local\Programs\Microsoft VS Code\bin;C:\Users\mithi\AppData\Local\Yarn\bin
USERNAME=mithi
OS=Windows_NT
PROCESSOR_IDENTIFIER=Intel64 Family 6 Model 61 Stepping 4, GenuineIntel



---------------  S Y S T E M  ---------------

OS: Windows 10.0 , 64 bit Build 18362 (10.0.18362.959)

CPU:total 4 (2 cores per cpu, 2 threads per core) family 6 model 61 stepping 4, cmov, cx8, fxsr, mmx, sse, sse2, sse3, ssse3, sse4.1, sse4.2, popcnt, avx, avx2, aes, clmul, erms, 3dnowpref, lzcnt, ht, tsc, tscinvbit, bmi1, bmi2, adx

Memory: 4k page, physical 8309004k(469016k free), swap 15124748k(1875120k free)

vm_info: Java HotSpot(TM) 64-Bit Server VM (25.92-b14) for windows-amd64 JRE (1.8.0_92-b14), built on Mar 31 2016 21:03:04 by "java_re" with MS VC++ 10.0 (VS2010)

time: Thu Jul 23 20:23:26 2020
elapsed time: 213 seconds (0d 0h 3m 33s)

